<?xml version="1.0" encoding="UTF-8"?>
<testng-results ignored="0" total="2" passed="2" failed="0" skipped="0">
  <reporter-output>
  </reporter-output>
  <suite started-at="2023-05-01T16:38:01 IST" name="Default suite" finished-at="2023-05-01T16:38:27 IST" duration-ms="26830">
    <groups>
    </groups>
    <test started-at="2023-05-01T16:38:01 IST" name="Default test" finished-at="2023-05-01T16:38:27 IST" duration-ms="26830">
      <class name="Selenium.orangeHRM">
        <test-method is-config="true" signature="Open_Browser()[pri:0, instance:Selenium.orangeHRM@43195e57]" started-at="2023-05-01T16:38:01 IST" name="Open_Browser" finished-at="2023-05-01T16:38:07 IST" duration-ms="6112" status="PASS">
          <reporter-output>
          </reporter-output>
        </test-method> <!-- Open_Browser -->
        <test-method signature="OrangeHRM()[pri:1, instance:Selenium.orangeHRM@43195e57]" started-at="2023-05-01T16:38:07 IST" name="OrangeHRM" finished-at="2023-05-01T16:38:15 IST" duration-ms="8435" status="PASS">
          <reporter-output>
          </reporter-output>
        </test-method> <!-- OrangeHRM -->
        <test-method signature="click()[pri:2, instance:Selenium.orangeHRM@43195e57]" started-at="2023-05-01T16:38:15 IST" name="click" finished-at="2023-05-01T16:38:21 IST" duration-ms="6021" status="PASS">
          <reporter-output>
          </reporter-output>
        </test-method> <!-- click -->
        <test-method is-config="true" signature="Close_Browser()[pri:0, instance:Selenium.orangeHRM@43195e57]" started-at="2023-05-01T16:38:21 IST" name="Close_Browser" finished-at="2023-05-01T16:38:27 IST" duration-ms="6230" status="PASS">
          <reporter-output>
          </reporter-output>
        </test-method> <!-- Close_Browser -->
      </class> <!-- Selenium.orangeHRM -->
    </test> <!-- Default test -->
  </suite> <!-- Default suite -->
</testng-results>
